<?xml version="1.0" encoding="UTF-8"?>
<!-- Generated by org.testng.reporters.JUnitXMLReporter -->
<testsuite hostname="IBM-DOTNET-001" name="Test(failed)" tests="1" failures="1" timestamp="20 Sep 2020 07:47:06 GMT" time="0.011" errors="0">
  <testcase name="testcase1" time="0.0" classname="Testng.demo1">
    <failure type="java.lang.AssertionError" message="expected [Nishchith] but found [sunil]">
      <![CDATA[java.lang.AssertionError: expected [Nishchith] but found [sunil]
	at Testng.demo1.testcase1(demo1.java:41)
... Removed 30 stack frames]]>
    </failure>
  </testcase> <!-- testcase1 -->
</testsuite> <!-- Test(failed) -->
