<?xml version="1.0" encoding="UTF-8"?>
<!-- Generated by org.testng.reporters.JUnitXMLReporter -->
<testsuite hostname="IBM-DOTNET-001" name="Test" tests="3" failures="1" timestamp="20 Sep 2020 07:47:06 GMT" time="0.071" errors="0">
  <testcase name="testcase1" time="0.014" classname="Testng.demo1">
    <failure type="java.lang.AssertionError" message="expected [Nishchith] but found [sunil]">
      <![CDATA[java.lang.AssertionError: expected [Nishchith] but found [sunil]
	at Testng.demo1.testcase1(demo1.java:41)
... Removed 30 stack frames]]>
    </failure>
  </testcase> <!-- testcase1 -->
  <testcase name="testcase2" time="0.005" classname="Testng.demo2"/>
  <testcase name="testcase3" time="0.006" classname="Testng.demo2"/>
</testsuite> <!-- Test -->
