<?xml version="1.0" encoding="UTF-8"?>
<!-- Generated by org.testng.reporters.JUnitXMLReporter -->
<testsuite hostname="IBM-DOTNET-001" name="Default test(failed)" tests="2" failures="1" timestamp="26 Sep 2020 05:08:40 GMT" time="13.239" errors="0">
  <testcase name="testcase1" time="0.211" classname="Testng.Demo4"/>
  <testcase name="testcase2" time="4.201" classname="Testng.Demo4">
    <failure type="java.lang.AssertionError" message="expected [Welcome Sunil] but found [Welcome Linda]">
      <![CDATA[java.lang.AssertionError: expected [Welcome Sunil] but found [Welcome Linda]
	at Testng.Demo4.testcase2(Demo4.java:45)
... Removed 30 stack frames]]>
    </failure>
  </testcase> <!-- testcase2 -->
</testsuite> <!-- Default test(failed) -->
