<?xml version="1.0" encoding="UTF-8"?>
<!-- Generated by org.testng.reporters.JUnitXMLReporter -->
<testsuite hostname="IBM-DOTNET-001" name="Test" tests="4" failures="0" timestamp="26 Sep 2020 06:35:13 GMT" time="17.768" errors="0">
  <testcase name="bt" time="9.111" classname="Testng.Demo6"/>
  <testcase name="testcase1" time="0.235" classname="Testng.Demo6"/>
  <testcase name="testcase2" time="4.107" classname="Testng.Demo6"/>
  <testcase name="testcase3" time="4.277" classname="Testng.Demo6"/>
</testsuite> <!-- Test -->
